<?xml version="1.0" encoding="UTF-8"?>
<!-- Generated by org.testng.reporters.JUnitReportReporter -->
<testsuite hostname="DESKTOP-7O26A2K" failures="0" tests="5" name="org.groups.Program1" time="9.887" errors="0" timestamp="2025-05-24T19:25:24 IST" skipped="0">
  <testcase classname="org.groups.Program1" name="popClose" time="0.270"/>
  <testcase classname="org.groups.Program1" name="search" time="1.192"/>
  <testcase classname="org.groups.Program1" name="productSelect" time="2.655"/>
  <testcase classname="org.groups.Program1" name="Cart" time="3.518"/>
  <testcase classname="org.groups.Program1" name="productAddToCart" time="2.252"/>
</testsuite> <!-- org.groups.Program1 -->
