<?xml version="1.0" encoding="UTF-8"?>
<!-- Generated by org.testng.reporters.JUnitReportReporter -->
<testsuite hostname="Shogan-PC" failures="0" tests="3" name="org.adactin.AdactinLogin" time="7.195" errors="0" timestamp="2025-06-05T11:27:13 IST" skipped="0">
  <testcase classname="org.adactin.AdactinLogin" name="Program" time="2.432"/>
  <testcase classname="org.adactin.AdactinLogin" name="Program" time="2.464"/>
  <testcase classname="org.adactin.AdactinLogin" name="Program" time="2.299"/>
</testsuite> <!-- org.adactin.AdactinLogin -->
