<?xml version="1.0" encoding="UTF-8"?>
<!-- Generated by org.testng.reporters.JUnitReportReporter -->
<testsuite hostname="Shogan-PC" failures="0" tests="1" name="org.adactin.AdactinSite" time="0.622" errors="0" timestamp="2025-06-05T11:27:13 IST" skipped="0">
  <testcase classname="org.adactin.AdactinSite" name="Program" time="0.622"/>
</testsuite> <!-- org.adactin.AdactinSite -->
