<?xml version="1.0" encoding="UTF-8"?>
<!-- Generated by org.testng.reporters.JUnitReportReporter -->
<testsuite hostname="Shogan-PC" failures="0" tests="1" name="org.windows.Windows" time="11.633" errors="0" timestamp="2025-06-18T00:33:11 IST" skipped="0">
  <testcase classname="org.windows.Windows" name="handling" time="11.633"/>
</testsuite> <!-- org.windows.Windows -->
