<?xml version="1.0" encoding="UTF-8"?>
<!-- Generated by org.testng.reporters.JUnitReportReporter -->
<testsuite hostname="Shogan-PC" failures="0" tests="1" name="org.dataprograms.AdactinSite" time="0.718" errors="0" timestamp="2025-06-04T19:01:00 IST" skipped="0">
  <testcase classname="org.dataprograms.AdactinSite" name="Program" time="0.718"/>
</testsuite> <!-- org.dataprograms.AdactinSite -->
