<?xml version="1.0" encoding="UTF-8"?>
<!-- Generated by org.testng.reporters.JUnitReportReporter -->
<testsuite hostname="Shogan-PC" failures="0" tests="1" name="org.dataprograms.AdactinSite" time="0.203" errors="0" timestamp="2025-06-02T12:47:25 IST" skipped="0">
  <testcase classname="org.dataprograms.AdactinSite" name="Program" time="0.203"/>
</testsuite> <!-- org.dataprograms.AdactinSite -->
