<?xml version="1.0" encoding="UTF-8"?>
<!-- Generated by org.testng.reporters.JUnitReportReporter -->
<testsuite hostname="Shogan-PC" failures="0" tests="3" name="org.adactin.AdactinLogin" time="7.613" errors="0" timestamp="2025-06-05T11:18:13 IST" skipped="0">
  <testcase classname="org.adactin.AdactinLogin" name="Program" time="2.557"/>
  <testcase classname="org.adactin.AdactinLogin" name="Program" time="2.581"/>
  <testcase classname="org.adactin.AdactinLogin" name="Program" time="2.475"/>
</testsuite> <!-- org.adactin.AdactinLogin -->
